###### Fisher’s Linear Discriminant (FLD) Face Recognition ######
The face recognition results of each person are listed in the following format:
Face Number | Image Number | Face Recognized | Right or Wrong (T/F)
...
Error Rate
################################################################################
The dimension of projections is set to 39.
The projection matrix is as follows:
[[ 0.00422868 -0.00433115 -0.01434608 ...  0.00536982  0.00949537
  -0.00491569]
 [ 0.00559311 -0.0050943  -0.01312682 ...  0.00596211  0.00957804
  -0.00549323]
 [ 0.00309596 -0.00431996 -0.01264431 ...  0.00527021  0.0103228
  -0.0031835 ]
 ...
 [ 0.0022245  -0.02043591  0.02675187 ... -0.01476872 -0.00733283
  -0.00306375]
 [ 0.00348815 -0.01892571  0.03224999 ... -0.01769993 -0.0122575
   0.00095473]
 [-0.00089392 -0.0286337   0.02191767 ... -0.01419138 -0.01210107
  -0.00372274]]
(Its shape: 10304 * 39)
1	1	1	T
1	2	1	T
1	3	1	T
1	4	1	T
1	5	1	T
0 / 5 = 0.0

2	1	2	T
2	2	2	T
2	3	2	T
2	4	2	T
2	5	2	T
0 / 5 = 0.0

3	1	3	T
3	2	3	T
3	3	3	T
3	4	3	T
3	5	3	T
0 / 5 = 0.0

4	1	4	T
4	2	4	T
4	3	4	T
4	4	4	T
4	5	4	T
0 / 5 = 0.0

5	1	5	T
5	2	5	T
5	3	5	T
5	4	5	T
5	5	5	T
0 / 5 = 0.0

6	1	6	T
6	2	6	T
6	3	6	T
6	4	6	T
6	5	6	T
0 / 5 = 0.0

7	1	7	T
7	2	7	T
7	3	29	F
7	4	7	T
7	5	7	T
1 / 5 = 0.2

8	1	8	T
8	2	8	T
8	3	8	T
8	4	8	T
8	5	8	T
0 / 5 = 0.0

9	1	9	T
9	2	9	T
9	3	9	T
9	4	9	T
9	5	9	T
0 / 5 = 0.0

10	1	10	T
10	2	10	T
10	3	10	T
10	4	10	T
10	5	10	T
0 / 5 = 0.0

11	1	11	T
11	2	11	T
11	3	15	F
11	4	11	T
11	5	11	T
1 / 5 = 0.2

12	1	12	T
12	2	12	T
12	3	12	T
12	4	12	T
12	5	12	T
0 / 5 = 0.0

13	1	13	T
13	2	13	T
13	3	13	T
13	4	13	T
13	5	13	T
0 / 5 = 0.0

14	1	21	F
14	2	21	F
14	3	21	F
14	4	21	F
14	5	22	F
5 / 5 = 1.0

15	1	15	T
15	2	15	T
15	3	15	T
15	4	15	T
15	5	15	T
0 / 5 = 0.0

16	1	16	T
16	2	1	F
16	3	1	F
16	4	1	F
16	5	16	T
3 / 5 = 0.6

17	1	23	F
17	2	4	F
17	3	17	T
17	4	17	T
17	5	36	F
3 / 5 = 0.6

18	1	18	T
18	2	18	T
18	3	18	T
18	4	18	T
18	5	18	T
0 / 5 = 0.0

19	1	19	T
19	2	19	T
19	3	19	T
19	4	29	F
19	5	19	T
1 / 5 = 0.2

20	1	20	T
20	2	20	T
20	3	23	F
20	4	20	T
20	5	20	T
1 / 5 = 0.2

21	1	21	T
21	2	21	T
21	3	21	T
21	4	21	T
21	5	21	T
0 / 5 = 0.0

22	1	22	T
22	2	22	T
22	3	22	T
22	4	22	T
22	5	22	T
0 / 5 = 0.0

23	1	23	T
23	2	23	T
23	3	23	T
23	4	23	T
23	5	23	T
0 / 5 = 0.0

24	1	24	T
24	2	24	T
24	3	24	T
24	4	24	T
24	5	24	T
0 / 5 = 0.0

25	1	25	T
25	2	25	T
25	3	25	T
25	4	25	T
25	5	25	T
0 / 5 = 0.0

26	1	26	T
26	2	23	F
26	3	26	T
26	4	26	T
26	5	26	T
1 / 5 = 0.2

27	1	26	F
27	2	26	F
27	3	25	F
27	4	27	T
27	5	27	T
3 / 5 = 0.6

28	1	28	T
28	2	28	T
28	3	13	F
28	4	40	F
28	5	28	T
2 / 5 = 0.4

29	1	29	T
29	2	29	T
29	3	29	T
29	4	23	F
29	5	29	T
1 / 5 = 0.2

30	1	30	T
30	2	30	T
30	3	30	T
30	4	30	T
30	5	30	T
0 / 5 = 0.0

31	1	30	F
31	2	23	F
31	3	31	T
31	4	30	F
31	5	31	T
3 / 5 = 0.6

32	1	30	F
32	2	23	F
32	3	32	T
32	4	32	T
32	5	30	F
3 / 5 = 0.6

33	1	33	T
33	2	33	T
33	3	23	F
33	4	33	T
33	5	33	T
1 / 5 = 0.2

34	1	34	T
34	2	34	T
34	3	34	T
34	4	34	T
34	5	34	T
0 / 5 = 0.0

35	1	35	T
35	2	15	F
35	3	35	T
35	4	35	T
35	5	35	T
1 / 5 = 0.2

36	1	24	F
36	2	36	T
36	3	36	T
36	4	36	T
36	5	40	F
2 / 5 = 0.4

37	1	37	T
37	2	23	F
37	3	37	T
37	4	37	T
37	5	37	T
1 / 5 = 0.2

38	1	38	T
38	2	38	T
38	3	38	T
38	4	38	T
38	5	38	T
0 / 5 = 0.0

39	1	30	F
39	2	39	T
39	3	39	T
39	4	39	T
39	5	30	F
2 / 5 = 0.4

40	1	40	T
40	2	40	T
40	3	40	T
40	4	5	F
40	5	5	F
2 / 5 = 0.4

Total Error Rate:
37 / 200 = 0.185
################################################################################
