###### Locally Linear Embedding (LLE) Face Recognition ######
The face recognition results of each person are listed in the following format:
Face Number | Image Number | Face Recognized | Right or Wrong (T/F)
...
Error Rate
You can view the scatter plot of `Y` at file://./output/3

1	1	1	T
1	2	16	F
1	3	1	T
1	4	1	T
1	5	1	T
1 / 5 = 0.2

2	1	2	T
2	2	2	T
2	3	2	T
2	4	2	T
2	5	2	T
0 / 5 = 0.0

3	1	2	F
3	2	35	F
3	3	18	F
3	4	22	F
3	5	3	T
4 / 5 = 0.8

4	1	4	T
4	2	4	T
4	3	4	T
4	4	4	T
4	5	4	T
0 / 5 = 0.0

5	1	5	T
5	2	5	T
5	3	40	F
5	4	40	F
5	5	5	T
2 / 5 = 0.4

6	1	6	T
6	2	6	T
6	3	6	T
6	4	6	T
6	5	6	T
0 / 5 = 0.0

7	1	7	T
7	2	36	F
7	3	36	F
7	4	17	F
7	5	36	F
4 / 5 = 0.8

8	1	8	T
8	2	8	T
8	3	8	T
8	4	8	T
8	5	8	T
0 / 5 = 0.0

9	1	9	T
9	2	5	F
9	3	20	F
9	4	9	T
9	5	9	T
2 / 5 = 0.4

10	1	10	T
10	2	10	T
10	3	10	T
10	4	10	T
10	5	10	T
0 / 5 = 0.0

11	1	11	T
11	2	11	T
11	3	11	T
11	4	11	T
11	5	11	T
0 / 5 = 0.0

12	1	12	T
12	2	12	T
12	3	12	T
12	4	12	T
12	5	12	T
0 / 5 = 0.0

13	1	13	T
13	2	13	T
13	3	13	T
13	4	15	F
13	5	13	T
1 / 5 = 0.2

14	1	14	T
14	2	14	T
14	3	14	T
14	4	14	T
14	5	14	T
0 / 5 = 0.0

15	1	15	T
15	2	15	T
15	3	15	T
15	4	15	T
15	5	15	T
0 / 5 = 0.0

16	1	24	F
16	2	16	T
16	3	1	F
16	4	1	F
16	5	1	F
4 / 5 = 0.8

17	1	1	F
17	2	36	F
17	3	7	F
17	4	7	F
17	5	1	F
5 / 5 = 1.0

18	1	40	F
18	2	10	F
18	3	18	T
18	4	18	T
18	5	18	T
2 / 5 = 0.4

19	1	19	T
19	2	12	F
19	3	12	F
19	4	12	F
19	5	19	T
3 / 5 = 0.6

20	1	20	T
20	2	21	F
20	3	21	F
20	4	20	T
20	5	20	T
2 / 5 = 0.4

21	1	21	T
21	2	21	T
21	3	21	T
21	4	21	T
21	5	21	T
0 / 5 = 0.0

22	1	22	T
22	2	22	T
22	3	22	T
22	4	22	T
22	5	22	T
0 / 5 = 0.0

23	1	23	T
23	2	23	T
23	3	23	T
23	4	23	T
23	5	23	T
0 / 5 = 0.0

24	1	24	T
24	2	24	T
24	3	24	T
24	4	24	T
24	5	24	T
0 / 5 = 0.0

25	1	25	T
25	2	25	T
25	3	24	F
25	4	25	T
25	5	25	T
1 / 5 = 0.2

26	1	26	T
26	2	3	F
26	3	26	T
26	4	3	F
26	5	26	T
2 / 5 = 0.4

27	1	27	T
27	2	27	T
27	3	27	T
27	4	27	T
27	5	27	T
0 / 5 = 0.0

28	1	28	T
28	2	28	T
28	3	37	F
28	4	28	T
28	5	28	T
1 / 5 = 0.2

29	1	29	T
29	2	29	T
29	3	29	T
29	4	29	T
29	5	29	T
0 / 5 = 0.0

30	1	30	T
30	2	30	T
30	3	30	T
30	4	22	F
30	5	30	T
1 / 5 = 0.2

31	1	21	F
31	2	21	F
31	3	21	F
31	4	18	F
31	5	31	T
4 / 5 = 0.8

32	1	32	T
32	2	2	F
32	3	32	T
32	4	32	T
32	5	31	F
2 / 5 = 0.4

33	1	29	F
33	2	5	F
33	3	28	F
33	4	32	F
33	5	33	T
4 / 5 = 0.8

34	1	34	T
34	2	34	T
34	3	34	T
34	4	34	T
34	5	34	T
0 / 5 = 0.0

35	1	37	F
35	2	35	T
35	3	14	F
35	4	40	F
35	5	40	F
4 / 5 = 0.8

36	1	36	T
36	2	36	T
36	3	36	T
36	4	36	T
36	5	36	T
0 / 5 = 0.0

37	1	37	T
37	2	37	T
37	3	37	T
37	4	37	T
37	5	37	T
0 / 5 = 0.0

38	1	38	T
38	2	38	T
38	3	38	T
38	4	38	T
38	5	38	T
0 / 5 = 0.0

39	1	20	F
39	2	37	F
39	3	39	T
39	4	1	F
39	5	7	F
4 / 5 = 0.8

40	1	5	F
40	2	40	T
40	3	36	F
40	4	40	T
40	5	2	F
3 / 5 = 0.6

Total Error Rate:
56 / 200 = 0.28
