###### Locally Linear Embedding (LLE) Face Recognition ######
The face recognition results of each person are listed in the following format:
Face Number | Image Number | Face Recognized | Right or Wrong (T/F)
...
Error Rate
You can view the scatter plot of `Y` at file://./output/3

1	1	17	F
1	2	22	F
1	3	17	F
1	4	1	T
1	5	38	F
4 / 5 = 0.8

2	1	7	F
2	2	17	F
2	3	2	T
2	4	15	F
2	5	2	T
3 / 5 = 0.6

3	1	9	F
3	2	35	F
3	3	31	F
3	4	8	F
3	5	13	F
5 / 5 = 1.0

4	1	14	F
4	2	20	F
4	3	40	F
4	4	13	F
4	5	23	F
5 / 5 = 1.0

5	1	40	F
5	2	9	F
5	3	21	F
5	4	25	F
5	5	9	F
5 / 5 = 1.0

6	1	5	F
6	2	5	F
6	3	20	F
6	4	24	F
6	5	1	F
5 / 5 = 1.0

7	1	11	F
7	2	33	F
7	3	7	T
7	4	32	F
7	5	2	F
4 / 5 = 0.8

8	1	8	T
8	2	8	T
8	3	39	F
8	4	10	F
8	5	14	F
3 / 5 = 0.6

9	1	18	F
9	2	9	T
9	3	26	F
9	4	9	T
9	5	9	T
2 / 5 = 0.4

10	1	10	T
10	2	10	T
10	3	28	F
10	4	10	T
10	5	22	F
2 / 5 = 0.4

11	1	11	T
11	2	11	T
11	3	37	F
11	4	11	T
11	5	11	T
1 / 5 = 0.2

12	1	33	F
12	2	14	F
12	3	33	F
12	4	17	F
12	5	8	F
5 / 5 = 1.0

13	1	39	F
13	2	39	F
13	3	19	F
13	4	31	F
13	5	35	F
5 / 5 = 1.0

14	1	8	F
14	2	3	F
14	3	14	T
14	4	10	F
14	5	25	F
4 / 5 = 0.8

15	1	11	F
15	2	20	F
15	3	2	F
15	4	29	F
15	5	35	F
5 / 5 = 1.0

16	1	17	F
16	2	17	F
16	3	32	F
16	4	1	F
16	5	16	T
4 / 5 = 0.8

17	1	1	F
17	2	36	F
17	3	17	T
17	4	16	F
17	5	31	F
4 / 5 = 0.8

18	1	13	F
18	2	40	F
18	3	6	F
18	4	35	F
18	5	4	F
5 / 5 = 1.0

19	1	34	F
19	2	27	F
19	3	11	F
19	4	28	F
19	5	40	F
5 / 5 = 1.0

20	1	20	T
20	2	6	F
20	3	12	F
20	4	5	F
20	5	40	F
4 / 5 = 0.8

21	1	21	T
21	2	20	F
21	3	20	F
21	4	20	F
21	5	29	F
4 / 5 = 0.8

22	1	1	F
22	2	22	T
22	3	24	F
22	4	33	F
22	5	26	F
4 / 5 = 0.8

23	1	23	T
23	2	23	T
23	3	30	F
23	4	26	F
23	5	26	F
3 / 5 = 0.6

24	1	19	F
24	2	24	T
24	3	22	F
24	4	10	F
24	5	8	F
4 / 5 = 0.8

25	1	21	F
25	2	9	F
25	3	5	F
25	4	8	F
25	5	4	F
5 / 5 = 1.0

26	1	19	F
26	2	21	F
26	3	4	F
26	4	5	F
26	5	25	F
5 / 5 = 1.0

27	1	19	F
27	2	15	F
27	3	11	F
27	4	11	F
27	5	37	F
5 / 5 = 1.0

28	1	21	F
28	2	16	F
28	3	39	F
28	4	34	F
28	5	14	F
5 / 5 = 1.0

29	1	29	T
29	2	24	F
29	3	29	T
29	4	12	F
29	5	21	F
3 / 5 = 0.6

30	1	20	F
30	2	21	F
30	3	20	F
30	4	33	F
30	5	20	F
5 / 5 = 1.0

31	1	10	F
31	2	19	F
31	3	29	F
31	4	6	F
31	5	10	F
5 / 5 = 1.0

32	1	29	F
32	2	34	F
32	3	37	F
32	4	29	F
32	5	39	F
5 / 5 = 1.0

33	1	21	F
33	2	24	F
33	3	18	F
33	4	33	T
33	5	33	T
3 / 5 = 0.6

34	1	7	F
34	2	2	F
34	3	39	F
34	4	3	F
34	5	12	F
5 / 5 = 1.0

35	1	5	F
35	2	31	F
35	3	35	T
35	4	10	F
35	5	35	T
3 / 5 = 0.6

36	1	22	F
36	2	39	F
36	3	7	F
36	4	1	F
36	5	16	F
5 / 5 = 1.0

37	1	1	F
37	2	19	F
37	3	15	F
37	4	5	F
37	5	29	F
5 / 5 = 1.0

38	1	13	F
38	2	35	F
38	3	13	F
38	4	20	F
38	5	38	T
4 / 5 = 0.8

39	1	8	F
39	2	21	F
39	3	9	F
39	4	33	F
39	5	18	F
5 / 5 = 1.0

40	1	10	F
40	2	3	F
40	3	9	F
40	4	9	F
40	5	9	F
5 / 5 = 1.0

Total Error Rate:
168 / 200 = 0.84
