###### Minimum Distance Face Recognition ######
The face recognition results of each person are listed in the following format:
Face Number | Image Number | Face Recognized | Right or Wrong (T/F)
...
Error Rate

1	6	1	T
1	7	1	T
1	8	1	T
1	9	36	F
1	10	38	F
2 / 5 = 0.4

2	6	2	T
2	7	2	T
2	8	2	T
2	9	2	T
2	10	2	T
0 / 5 = 0.0

3	6	38	F
3	7	3	T
3	8	38	F
3	9	3	T
3	10	18	F
3 / 5 = 0.6

4	6	4	T
4	7	4	T
4	8	4	T
4	9	4	T
4	10	4	T
0 / 5 = 0.0

5	6	5	T
5	7	5	T
5	8	40	F
5	9	40	F
5	10	40	F
3 / 5 = 0.6

6	6	6	T
6	7	6	T
6	8	6	T
6	9	6	T
6	10	6	T
0 / 5 = 0.0

7	6	7	T
7	7	7	T
7	8	7	T
7	9	7	T
7	10	7	T
0 / 5 = 0.0

8	6	8	T
8	7	8	T
8	8	8	T
8	9	8	T
8	10	8	T
0 / 5 = 0.0

9	6	9	T
9	7	9	T
9	8	9	T
9	9	9	T
9	10	9	T
0 / 5 = 0.0

10	6	10	T
10	7	10	T
10	8	10	T
10	9	10	T
10	10	10	T
0 / 5 = 0.0

11	6	11	T
11	7	11	T
11	8	11	T
11	9	11	T
11	10	11	T
0 / 5 = 0.0

12	6	12	T
12	7	12	T
12	8	12	T
12	9	12	T
12	10	12	T
0 / 5 = 0.0

13	6	18	F
13	7	13	T
13	8	13	T
13	9	40	F
13	10	13	T
2 / 5 = 0.4

14	6	14	T
14	7	14	T
14	8	14	T
14	9	14	T
14	10	14	T
0 / 5 = 0.0

15	6	15	T
15	7	15	T
15	8	15	T
15	9	40	F
15	10	40	F
2 / 5 = 0.4

16	6	16	T
16	7	16	T
16	8	16	T
16	9	16	T
16	10	1	F
1 / 5 = 0.2

17	6	36	F
17	7	36	F
17	8	17	T
17	9	36	F
17	10	36	F
4 / 5 = 0.8

18	6	18	T
18	7	18	T
18	8	18	T
18	9	18	T
18	10	18	T
0 / 5 = 0.0

19	6	19	T
19	7	19	T
19	8	19	T
19	9	19	T
19	10	19	T
0 / 5 = 0.0

20	6	20	T
20	7	20	T
20	8	20	T
20	9	20	T
20	10	20	T
0 / 5 = 0.0

21	6	21	T
21	7	30	F
21	8	21	T
21	9	21	T
21	10	21	T
1 / 5 = 0.2

22	6	22	T
22	7	22	T
22	8	22	T
22	9	22	T
22	10	22	T
0 / 5 = 0.0

23	6	23	T
23	7	23	T
23	8	23	T
23	9	38	F
23	10	38	F
2 / 5 = 0.4

24	6	24	T
24	7	24	T
24	8	24	T
24	9	24	T
24	10	24	T
0 / 5 = 0.0

25	6	25	T
25	7	25	T
25	8	25	T
25	9	25	T
25	10	25	T
0 / 5 = 0.0

26	6	26	T
26	7	26	T
26	8	26	T
26	9	26	T
26	10	26	T
0 / 5 = 0.0

27	6	27	T
27	7	27	T
27	8	27	T
27	9	27	T
27	10	27	T
0 / 5 = 0.0

28	6	25	F
28	7	28	T
28	8	40	F
28	9	11	F
28	10	40	F
4 / 5 = 0.8

29	6	21	F
29	7	21	F
29	8	9	F
29	9	29	T
29	10	29	T
3 / 5 = 0.6

30	6	30	T
30	7	30	T
30	8	30	T
30	9	30	T
30	10	30	T
0 / 5 = 0.0

31	6	40	F
31	7	40	F
31	8	40	F
31	9	40	F
31	10	31	T
4 / 5 = 0.8

32	6	32	T
32	7	2	F
32	8	32	T
32	9	32	T
32	10	2	F
2 / 5 = 0.4

33	6	37	F
33	7	33	T
33	8	33	T
33	9	33	T
33	10	33	T
1 / 5 = 0.2

34	6	34	T
34	7	34	T
34	8	34	T
34	9	34	T
34	10	34	T
0 / 5 = 0.0

35	6	40	F
35	7	38	F
35	8	40	F
35	9	37	F
35	10	40	F
5 / 5 = 1.0

36	6	36	T
36	7	36	T
36	8	36	T
36	9	36	T
36	10	27	F
1 / 5 = 0.2

37	6	37	T
37	7	26	F
37	8	37	T
37	9	26	F
37	10	26	F
3 / 5 = 0.6

38	6	38	T
38	7	38	T
38	8	38	T
38	9	38	T
38	10	38	T
0 / 5 = 0.0

39	6	39	T
39	7	33	F
39	8	29	F
39	9	29	F
39	10	22	F
4 / 5 = 0.8

40	6	40	T
40	7	40	T
40	8	40	T
40	9	25	F
40	10	25	F
2 / 5 = 0.4

Total Error Rate:
49 / 200 = 0.245
