###### Principal Component Analysis (PCA) Face Recognition ######
The face recognition results of each person are listed in the following format:
Face Number | Image Number | Face Recognized | Right or Wrong (T/F)
...
Error Rate
################################################################################
The dimension of omega is set to 1.
The eigenimages of training set are as follows:
[[0.00490802]
 [0.00491162]
 [0.00495213]
 ...
 [0.00480756]
 [0.0056825 ]
 [0.00634748]]
(Its shape: 10304 * 1)
You can view them at file://./output/eigenimages/

1	1	13	F
1	2	19	F
1	3	19	F
1	4	32	F
1	5	32	F
5 / 5 = 1.0

2	1	40	F
2	2	28	F
2	3	26	F
2	4	5	F
2	5	12	F
5 / 5 = 1.0

3	1	8	F
3	2	3	T
3	3	25	F
3	4	25	F
3	5	36	F
4 / 5 = 0.8

4	1	5	F
4	2	15	F
4	3	15	F
4	4	4	T
4	5	3	F
4 / 5 = 0.8

5	1	5	T
5	2	16	F
5	3	12	F
5	4	26	F
5	5	37	F
4 / 5 = 0.8

6	1	15	F
6	2	24	F
6	3	6	T
6	4	34	F
6	5	35	F
4 / 5 = 0.8

7	1	11	F
7	2	20	F
7	3	6	F
7	4	17	F
7	5	34	F
5 / 5 = 1.0

8	1	40	F
8	2	7	F
8	3	31	F
8	4	36	F
8	5	17	F
5 / 5 = 1.0

9	1	9	T
9	2	9	T
9	3	11	F
9	4	23	F
9	5	17	F
3 / 5 = 0.6

10	1	21	F
10	2	39	F
10	3	39	F
10	4	29	F
10	5	24	F
5 / 5 = 1.0

11	1	6	F
11	2	17	F
11	3	7	F
11	4	34	F
11	5	9	F
5 / 5 = 1.0

12	1	26	F
12	2	2	F
12	3	35	F
12	4	8	F
12	5	8	F
5 / 5 = 1.0

13	1	13	T
13	2	32	F
13	3	1	F
13	4	18	F
13	5	27	F
4 / 5 = 0.8

14	1	12	F
14	2	25	F
14	3	16	F
14	4	15	F
14	5	40	F
5 / 5 = 1.0

15	1	40	F
15	2	4	F
15	3	34	F
15	4	11	F
15	5	31	F
5 / 5 = 1.0

16	1	11	F
16	2	17	F
16	3	16	T
16	4	28	F
16	5	3	F
4 / 5 = 0.8

17	1	9	F
17	2	24	F
17	3	6	F
17	4	7	F
17	5	11	F
5 / 5 = 1.0

18	1	14	F
18	2	32	F
18	3	12	F
18	4	32	F
18	5	35	F
5 / 5 = 1.0

19	1	13	F
19	2	27	F
19	3	27	F
19	4	8	F
19	5	18	F
5 / 5 = 1.0

20	1	21	F
20	2	22	F
20	3	10	F
20	4	22	F
20	5	10	F
5 / 5 = 1.0

21	1	23	F
21	2	10	F
21	3	31	F
21	4	21	T
21	5	38	F
4 / 5 = 0.8

22	1	21	F
22	2	23	F
22	3	22	T
22	4	22	T
22	5	9	F
3 / 5 = 0.6

23	1	38	F
23	2	38	F
23	3	22	F
23	4	22	F
23	5	9	F
5 / 5 = 1.0

24	1	6	F
24	2	34	F
24	3	23	F
24	4	23	F
24	5	9	F
5 / 5 = 1.0

25	1	40	F
25	2	11	F
25	3	25	T
25	4	5	F
25	5	40	F
4 / 5 = 0.8

26	1	28	F
26	2	18	F
26	3	8	F
26	4	8	F
26	5	40	F
5 / 5 = 1.0

27	1	35	F
27	2	6	F
27	3	4	F
27	4	17	F
27	5	28	F
5 / 5 = 1.0

28	1	28	T
28	2	28	T
28	3	35	F
28	4	28	T
28	5	18	F
2 / 5 = 0.4

29	1	21	F
29	2	10	F
29	3	39	F
29	4	33	F
29	5	29	T
4 / 5 = 0.8

30	1	30	T
30	2	33	F
30	3	10	F
30	4	39	F
30	5	30	T
3 / 5 = 0.6

31	1	7	F
31	2	39	F
31	3	22	F
31	4	23	F
31	5	8	F
5 / 5 = 1.0

32	1	26	F
32	2	40	F
32	3	12	F
32	4	37	F
32	5	5	F
5 / 5 = 1.0

33	1	39	F
33	2	33	T
33	3	39	F
33	4	10	F
33	5	33	T
3 / 5 = 0.6

34	1	24	F
34	2	15	F
34	3	7	F
34	4	6	F
34	5	9	F
5 / 5 = 1.0

35	1	2	F
35	2	28	F
35	3	40	F
35	4	37	F
35	5	11	F
5 / 5 = 1.0

36	1	25	F
36	2	17	F
36	3	9	F
36	4	31	F
36	5	36	T
4 / 5 = 0.8

37	1	28	F
37	2	37	T
37	3	2	F
37	4	28	F
37	5	18	F
4 / 5 = 0.8

38	1	23	F
38	2	22	F
38	3	20	F
38	4	9	F
38	5	29	F
5 / 5 = 1.0

39	1	20	F
39	2	10	F
39	3	21	F
39	4	30	F
39	5	21	F
5 / 5 = 1.0

40	1	31	F
40	2	12	F
40	3	40	T
40	4	37	F
40	5	8	F
4 / 5 = 0.8

Total Error Rate:
177 / 200 = 0.885
################################################################################
################################################################################
The dimension of omega is set to 2.
The eigenimages of training set are as follows:
[[ 0.00490802 -0.01393875]
 [ 0.00491162 -0.01410852]
 [ 0.00495213 -0.01406656]
 ...
 [ 0.00480756  0.01204753]
 [ 0.0056825   0.012235  ]
 [ 0.00634748  0.01070738]]
(Its shape: 10304 * 2)
You can view them at file://./output/eigenimages/

1	1	18	F
1	2	18	F
1	3	1	T
1	4	18	F
1	5	18	F
4 / 5 = 0.8

2	1	2	T
2	2	25	F
2	3	2	T
2	4	11	F
2	5	25	F
3 / 5 = 0.6

3	1	4	F
3	2	25	F
3	3	25	F
3	4	4	F
3	5	17	F
5 / 5 = 1.0

4	1	12	F
4	2	25	F
4	3	35	F
4	4	4	T
4	5	7	F
4 / 5 = 0.8

5	1	5	T
5	2	26	F
5	3	40	F
5	4	40	F
5	5	5	T
3 / 5 = 0.6

6	1	6	T
6	2	6	T
6	3	6	T
6	4	6	T
6	5	6	T
0 / 5 = 0.0

7	1	17	F
7	2	7	T
7	3	9	F
7	4	7	T
7	5	25	F
3 / 5 = 0.6

8	1	25	F
8	2	4	F
8	3	25	F
8	4	40	F
8	5	8	T
4 / 5 = 0.8

9	1	36	F
9	2	17	F
9	3	7	F
9	4	9	T
9	5	7	F
4 / 5 = 0.8

10	1	10	T
10	2	10	T
10	3	10	T
10	4	38	F
10	5	6	F
2 / 5 = 0.4

11	1	11	T
11	2	11	T
11	3	24	F
11	4	15	F
11	5	11	T
2 / 5 = 0.4

12	1	18	F
12	2	12	T
12	3	18	F
12	4	40	F
12	5	40	F
4 / 5 = 0.8

13	1	13	T
13	2	1	F
13	3	1	F
13	4	18	F
13	5	32	F
4 / 5 = 0.8

14	1	28	F
14	2	37	F
14	3	37	F
14	4	31	F
14	5	31	F
5 / 5 = 1.0

15	1	35	F
15	2	35	F
15	3	11	F
15	4	35	F
15	5	15	T
4 / 5 = 0.8

16	1	35	F
16	2	12	F
16	3	26	F
16	4	26	F
16	5	3	F
5 / 5 = 1.0

17	1	38	F
17	2	7	F
17	3	6	F
17	4	7	F
17	5	7	F
5 / 5 = 1.0

18	1	12	F
18	2	12	F
18	3	18	T
18	4	18	T
18	5	5	F
3 / 5 = 0.6

19	1	19	T
19	2	19	T
19	3	27	F
19	4	3	F
19	5	28	F
3 / 5 = 0.6

20	1	29	F
20	2	9	F
20	3	10	F
20	4	23	F
20	5	20	T
4 / 5 = 0.8

21	1	21	T
21	2	23	F
21	3	29	F
21	4	20	F
21	5	21	T
3 / 5 = 0.6

22	1	39	F
22	2	22	T
22	3	22	T
22	4	22	T
22	5	22	T
1 / 5 = 0.2

23	1	9	F
23	2	9	F
23	3	10	F
23	4	9	F
23	5	6	F
5 / 5 = 1.0

24	1	24	T
24	2	24	T
24	3	24	T
24	4	24	T
24	5	24	T
0 / 5 = 0.0

25	1	17	F
25	2	5	F
25	3	26	F
25	4	5	F
25	5	25	T
4 / 5 = 0.8

26	1	26	T
26	2	32	F
26	3	5	F
26	4	12	F
26	5	12	F
4 / 5 = 0.8

27	1	35	F
27	2	15	F
27	3	35	F
27	4	2	F
27	5	28	F
5 / 5 = 1.0

28	1	28	T
28	2	28	T
28	3	37	F
28	4	25	F
28	5	27	F
3 / 5 = 0.6

29	1	20	F
29	2	31	F
29	3	20	F
29	4	33	F
29	5	33	F
5 / 5 = 1.0

30	1	30	T
30	2	30	T
30	3	33	F
30	4	10	F
30	5	30	T
2 / 5 = 0.4

31	1	11	F
31	2	20	F
31	3	24	F
31	4	31	T
31	5	31	T
3 / 5 = 0.6

32	1	26	F
32	2	40	F
32	3	26	F
32	4	35	F
32	5	26	F
5 / 5 = 1.0

33	1	30	F
33	2	29	F
33	3	30	F
33	4	33	T
33	5	33	T
3 / 5 = 0.6

34	1	34	T
34	2	34	T
34	3	22	F
34	4	22	F
34	5	22	F
3 / 5 = 0.6

35	1	5	F
35	2	26	F
35	3	40	F
35	4	26	F
35	5	5	F
5 / 5 = 1.0

36	1	35	F
36	2	17	F
36	3	9	F
36	4	20	F
36	5	16	F
5 / 5 = 1.0

37	1	37	T
37	2	37	T
37	3	37	T
37	4	37	T
37	5	37	T
0 / 5 = 0.0

38	1	10	F
38	2	38	T
38	3	10	F
38	4	36	F
38	5	38	T
3 / 5 = 0.6

39	1	39	T
39	2	33	F
39	3	33	F
39	4	39	T
39	5	39	T
2 / 5 = 0.4

40	1	17	F
40	2	25	F
40	3	40	T
40	4	1	F
40	5	35	F
4 / 5 = 0.8

Total Error Rate:
136 / 200 = 0.68
################################################################################
################################################################################
The dimension of omega is set to 4.
The eigenimages of training set are as follows:
[[ 0.00490802 -0.01393875 -0.02027042  0.00468684]
 [ 0.00491162 -0.01410852 -0.02031525  0.0048046 ]
 [ 0.00495213 -0.01406656 -0.0201937   0.00495297]
 ...
 [ 0.00480756  0.01204753 -0.00972664 -0.01580202]
 [ 0.0056825   0.012235   -0.00939834 -0.01588861]
 [ 0.00634748  0.01070738 -0.0104496  -0.01508613]]
(Its shape: 10304 * 4)
You can view them at file://./output/eigenimages/

1	1	1	T
1	2	32	F
1	3	16	F
1	4	1	T
1	5	1	T
2 / 5 = 0.4

2	1	2	T
2	2	28	F
2	3	2	T
2	4	11	F
2	5	2	T
2 / 5 = 0.4

3	1	4	F
3	2	4	F
3	3	4	F
3	4	4	F
3	5	4	F
5 / 5 = 1.0

4	1	32	F
4	2	4	T
4	3	4	T
4	4	4	T
4	5	4	T
1 / 5 = 0.2

5	1	5	T
5	2	5	T
5	3	5	T
5	4	5	T
5	5	5	T
0 / 5 = 0.0

6	1	6	T
6	2	6	T
6	3	6	T
6	4	6	T
6	5	6	T
0 / 5 = 0.0

7	1	7	T
7	2	7	T
7	3	36	F
7	4	7	T
7	5	17	F
2 / 5 = 0.4

8	1	8	T
8	2	8	T
8	3	8	T
8	4	8	T
8	5	8	T
0 / 5 = 0.0

9	1	9	T
9	2	9	T
9	3	9	T
9	4	9	T
9	5	9	T
0 / 5 = 0.0

10	1	10	T
10	2	10	T
10	3	10	T
10	4	10	T
10	5	17	F
1 / 5 = 0.2

11	1	11	T
11	2	24	F
11	3	15	F
11	4	11	T
11	5	11	T
2 / 5 = 0.4

12	1	12	T
12	2	12	T
12	3	12	T
12	4	40	F
12	5	25	F
2 / 5 = 0.4

13	1	13	T
13	2	13	T
13	3	13	T
13	4	18	F
13	5	13	T
1 / 5 = 0.2

14	1	28	F
14	2	37	F
14	3	28	F
14	4	31	F
14	5	31	F
5 / 5 = 1.0

15	1	15	T
15	2	15	T
15	3	15	T
15	4	15	T
15	5	15	T
0 / 5 = 0.0

16	1	16	T
16	2	16	T
16	3	32	F
16	4	16	T
16	5	17	F
2 / 5 = 0.4

17	1	7	F
17	2	7	F
17	3	7	F
17	4	7	F
17	5	7	F
5 / 5 = 1.0

18	1	18	T
18	2	18	T
18	3	18	T
18	4	18	T
18	5	5	F
1 / 5 = 0.2

19	1	19	T
19	2	27	F
19	3	27	F
19	4	2	F
19	5	27	F
4 / 5 = 0.8

20	1	20	T
20	2	7	F
20	3	23	F
20	4	23	F
20	5	20	T
3 / 5 = 0.6

21	1	21	T
21	2	21	T
21	3	21	T
21	4	21	T
21	5	21	T
0 / 5 = 0.0

22	1	22	T
22	2	22	T
22	3	22	T
22	4	22	T
22	5	22	T
0 / 5 = 0.0

23	1	23	T
23	2	9	F
23	3	23	T
23	4	23	T
23	5	23	T
1 / 5 = 0.2

24	1	24	T
24	2	24	T
24	3	24	T
24	4	24	T
24	5	24	T
0 / 5 = 0.0

25	1	12	F
25	2	12	F
25	3	12	F
25	4	12	F
25	5	25	T
4 / 5 = 0.8

26	1	26	T
26	2	26	T
26	3	40	F
26	4	25	F
26	5	40	F
3 / 5 = 0.6

27	1	2	F
27	2	11	F
27	3	11	F
27	4	2	F
27	5	11	F
5 / 5 = 1.0

28	1	28	T
28	2	28	T
28	3	37	F
28	4	28	T
28	5	28	T
1 / 5 = 0.2

29	1	29	T
29	2	29	T
29	3	30	F
29	4	33	F
29	5	29	T
2 / 5 = 0.4

30	1	30	T
30	2	30	T
30	3	30	T
30	4	20	F
30	5	30	T
1 / 5 = 0.2

31	1	31	T
31	2	31	T
31	3	21	F
31	4	31	T
31	5	31	T
1 / 5 = 0.2

32	1	32	T
32	2	16	F
32	3	32	T
32	4	32	T
32	5	2	F
2 / 5 = 0.4

33	1	33	T
33	2	33	T
33	3	20	F
33	4	33	T
33	5	33	T
1 / 5 = 0.2

34	1	34	T
34	2	34	T
34	3	22	F
34	4	22	F
34	5	22	F
3 / 5 = 0.6

35	1	12	F
35	2	12	F
35	3	25	F
35	4	35	T
35	5	3	F
4 / 5 = 0.8

36	1	16	F
36	2	17	F
36	3	36	T
36	4	7	F
36	5	16	F
4 / 5 = 0.8

37	1	37	T
37	2	37	T
37	3	37	T
37	4	37	T
37	5	37	T
0 / 5 = 0.0

38	1	38	T
38	2	38	T
38	3	23	F
38	4	38	T
38	5	38	T
1 / 5 = 0.2

39	1	39	T
39	2	29	F
39	3	33	F
39	4	39	T
39	5	39	T
2 / 5 = 0.4

40	1	25	F
40	2	40	T
40	3	40	T
40	4	40	T
40	5	40	T
1 / 5 = 0.2

Total Error Rate:
74 / 200 = 0.37
################################################################################
################################################################################
The dimension of omega is set to 8.
The eigenimages of training set are as follows:
[[ 0.00490802 -0.01393875 -0.02027042 ...  0.0027607   0.01111534
  -0.00196502]
 [ 0.00491162 -0.01410852 -0.02031525 ...  0.00215497  0.01182204
  -0.00230283]
 [ 0.00495213 -0.01406656 -0.0201937  ...  0.00151905  0.01135292
  -0.00162935]
 ...
 [ 0.00480756  0.01204753 -0.00972664 ... -0.00134458  0.0014369
  -0.00183322]
 [ 0.0056825   0.012235   -0.00939834 ... -0.00255465  0.00047393
  -0.00396956]
 [ 0.00634748  0.01070738 -0.0104496  ...  0.00058311  0.00109671
  -0.00303476]]
(Its shape: 10304 * 8)
You can view them at file://./output/eigenimages/

1	1	32	F
1	2	1	T
1	3	16	F
1	4	1	T
1	5	1	T
2 / 5 = 0.4

2	1	2	T
2	2	2	T
2	3	2	T
2	4	2	T
2	5	2	T
0 / 5 = 0.0

3	1	3	T
3	2	4	F
3	3	3	T
3	4	3	T
3	5	3	T
1 / 5 = 0.2

4	1	4	T
4	2	4	T
4	3	4	T
4	4	4	T
4	5	4	T
0 / 5 = 0.0

5	1	5	T
5	2	5	T
5	3	5	T
5	4	5	T
5	5	18	F
1 / 5 = 0.2

6	1	6	T
6	2	6	T
6	3	6	T
6	4	6	T
6	5	6	T
0 / 5 = 0.0

7	1	7	T
7	2	7	T
7	3	7	T
7	4	7	T
7	5	7	T
0 / 5 = 0.0

8	1	8	T
8	2	8	T
8	3	8	T
8	4	8	T
8	5	8	T
0 / 5 = 0.0

9	1	38	F
9	2	38	F
9	3	9	T
9	4	9	T
9	5	9	T
2 / 5 = 0.4

10	1	10	T
10	2	10	T
10	3	10	T
10	4	10	T
10	5	38	F
1 / 5 = 0.2

11	1	11	T
11	2	11	T
11	3	11	T
11	4	11	T
11	5	11	T
0 / 5 = 0.0

12	1	12	T
12	2	12	T
12	3	12	T
12	4	12	T
12	5	12	T
0 / 5 = 0.0

13	1	13	T
13	2	13	T
13	3	13	T
13	4	13	T
13	5	13	T
0 / 5 = 0.0

14	1	37	F
14	2	37	F
14	3	37	F
14	4	11	F
14	5	37	F
5 / 5 = 1.0

15	1	15	T
15	2	15	T
15	3	15	T
15	4	15	T
15	5	15	T
0 / 5 = 0.0

16	1	16	T
16	2	16	T
16	3	16	T
16	4	16	T
16	5	16	T
0 / 5 = 0.0

17	1	36	F
17	2	7	F
17	3	7	F
17	4	36	F
17	5	36	F
5 / 5 = 1.0

18	1	18	T
18	2	18	T
18	3	18	T
18	4	18	T
18	5	5	F
1 / 5 = 0.2

19	1	19	T
19	2	19	T
19	3	19	T
19	4	2	F
19	5	19	T
1 / 5 = 0.2

20	1	20	T
20	2	20	T
20	3	23	F
20	4	20	T
20	5	20	T
1 / 5 = 0.2

21	1	21	T
21	2	21	T
21	3	29	F
21	4	21	T
21	5	21	T
1 / 5 = 0.2

22	1	22	T
22	2	22	T
22	3	22	T
22	4	22	T
22	5	22	T
0 / 5 = 0.0

23	1	23	T
23	2	23	T
23	3	23	T
23	4	23	T
23	5	23	T
0 / 5 = 0.0

24	1	24	T
24	2	24	T
24	3	24	T
24	4	24	T
24	5	24	T
0 / 5 = 0.0

25	1	25	T
25	2	25	T
25	3	25	T
25	4	35	F
25	5	25	T
1 / 5 = 0.2

26	1	26	T
26	2	13	F
26	3	26	T
26	4	26	T
26	5	26	T
1 / 5 = 0.2

27	1	11	F
27	2	11	F
27	3	11	F
27	4	11	F
27	5	27	T
4 / 5 = 0.8

28	1	28	T
28	2	28	T
28	3	37	F
28	4	28	T
28	5	28	T
1 / 5 = 0.2

29	1	29	T
29	2	29	T
29	3	29	T
29	4	29	T
29	5	29	T
0 / 5 = 0.0

30	1	30	T
30	2	30	T
30	3	30	T
30	4	30	T
30	5	30	T
0 / 5 = 0.0

31	1	31	T
31	2	31	T
31	3	31	T
31	4	31	T
31	5	31	T
0 / 5 = 0.0

32	1	2	F
32	2	15	F
32	3	32	T
32	4	2	F
32	5	2	F
4 / 5 = 0.8

33	1	33	T
33	2	33	T
33	3	33	T
33	4	33	T
33	5	33	T
0 / 5 = 0.0

34	1	34	T
34	2	34	T
34	3	34	T
34	4	34	T
34	5	34	T
0 / 5 = 0.0

35	1	25	F
35	2	25	F
35	3	25	F
35	4	35	T
35	5	35	T
3 / 5 = 0.6

36	1	24	F
36	2	36	T
36	3	36	T
36	4	36	T
36	5	17	F
2 / 5 = 0.4

37	1	37	T
37	2	37	T
37	3	37	T
37	4	37	T
37	5	37	T
0 / 5 = 0.0

38	1	38	T
38	2	38	T
38	3	38	T
38	4	38	T
38	5	38	T
0 / 5 = 0.0

39	1	39	T
39	2	29	F
39	3	33	F
39	4	39	T
39	5	39	T
2 / 5 = 0.4

40	1	40	T
40	2	40	T
40	3	40	T
40	4	40	T
40	5	40	T
0 / 5 = 0.0

Total Error Rate:
39 / 200 = 0.195
################################################################################
################################################################################
The dimension of omega is set to 16.
The eigenimages of training set are as follows:
[[ 0.00490802 -0.01393875 -0.02027042 ... -0.00342085  0.00970146
   0.00576613]
 [ 0.00491162 -0.01410852 -0.02031525 ... -0.0033805   0.00927094
   0.00619741]
 [ 0.00495213 -0.01406656 -0.0201937  ... -0.0027552   0.0081991
   0.00402976]
 ...
 [ 0.00480756  0.01204753 -0.00972664 ... -0.00328048  0.00305757
   0.03530288]
 [ 0.0056825   0.012235   -0.00939834 ... -0.00565662  0.00319488
   0.03502398]
 [ 0.00634748  0.01070738 -0.0104496  ... -0.00613073  0.00337751
   0.02757761]]
(Its shape: 10304 * 16)
You can view them at file://./output/eigenimages/

1	1	1	T
1	2	1	T
1	3	1	T
1	4	1	T
1	5	1	T
0 / 5 = 0.0

2	1	2	T
2	2	2	T
2	3	2	T
2	4	2	T
2	5	2	T
0 / 5 = 0.0

3	1	17	F
3	2	4	F
3	3	4	F
3	4	3	T
3	5	3	T
3 / 5 = 0.6

4	1	4	T
4	2	4	T
4	3	4	T
4	4	4	T
4	5	4	T
0 / 5 = 0.0

5	1	5	T
5	2	5	T
5	3	5	T
5	4	5	T
5	5	40	F
1 / 5 = 0.2

6	1	6	T
6	2	6	T
6	3	6	T
6	4	6	T
6	5	6	T
0 / 5 = 0.0

7	1	7	T
7	2	7	T
7	3	7	T
7	4	7	T
7	5	7	T
0 / 5 = 0.0

8	1	8	T
8	2	8	T
8	3	8	T
8	4	8	T
8	5	8	T
0 / 5 = 0.0

9	1	9	T
9	2	38	F
9	3	9	T
9	4	9	T
9	5	9	T
1 / 5 = 0.2

10	1	10	T
10	2	10	T
10	3	10	T
10	4	10	T
10	5	38	F
1 / 5 = 0.2

11	1	11	T
11	2	11	T
11	3	15	F
11	4	11	T
11	5	11	T
1 / 5 = 0.2

12	1	12	T
12	2	12	T
12	3	12	T
12	4	12	T
12	5	12	T
0 / 5 = 0.0

13	1	13	T
13	2	13	T
13	3	13	T
13	4	13	T
13	5	13	T
0 / 5 = 0.0

14	1	37	F
14	2	37	F
14	3	28	F
14	4	37	F
14	5	37	F
5 / 5 = 1.0

15	1	15	T
15	2	15	T
15	3	15	T
15	4	15	T
15	5	15	T
0 / 5 = 0.0

16	1	16	T
16	2	16	T
16	3	1	F
16	4	16	T
16	5	16	T
1 / 5 = 0.2

17	1	36	F
17	2	36	F
17	3	36	F
17	4	36	F
17	5	36	F
5 / 5 = 1.0

18	1	18	T
18	2	18	T
18	3	18	T
18	4	18	T
18	5	18	T
0 / 5 = 0.0

19	1	19	T
19	2	19	T
19	3	19	T
19	4	11	F
19	5	19	T
1 / 5 = 0.2

20	1	20	T
20	2	20	T
20	3	38	F
20	4	20	T
20	5	20	T
1 / 5 = 0.2

21	1	21	T
21	2	21	T
21	3	21	T
21	4	21	T
21	5	21	T
0 / 5 = 0.0

22	1	22	T
22	2	22	T
22	3	22	T
22	4	22	T
22	5	22	T
0 / 5 = 0.0

23	1	23	T
23	2	23	T
23	3	23	T
23	4	38	F
23	5	23	T
1 / 5 = 0.2

24	1	24	T
24	2	24	T
24	3	24	T
24	4	24	T
24	5	24	T
0 / 5 = 0.0

25	1	25	T
25	2	25	T
25	3	25	T
25	4	25	T
25	5	25	T
0 / 5 = 0.0

26	1	26	T
26	2	26	T
26	3	26	T
26	4	26	T
26	5	26	T
0 / 5 = 0.0

27	1	17	F
27	2	17	F
27	3	17	F
27	4	27	T
27	5	27	T
3 / 5 = 0.6

28	1	28	T
28	2	28	T
28	3	37	F
28	4	28	T
28	5	28	T
1 / 5 = 0.2

29	1	29	T
29	2	29	T
29	3	29	T
29	4	29	T
29	5	29	T
0 / 5 = 0.0

30	1	30	T
30	2	30	T
30	3	30	T
30	4	30	T
30	5	30	T
0 / 5 = 0.0

31	1	31	T
31	2	31	T
31	3	31	T
31	4	31	T
31	5	31	T
0 / 5 = 0.0

32	1	32	T
32	2	15	F
32	3	32	T
32	4	32	T
32	5	2	F
2 / 5 = 0.4

33	1	33	T
33	2	33	T
33	3	33	T
33	4	33	T
33	5	33	T
0 / 5 = 0.0

34	1	34	T
34	2	34	T
34	3	34	T
34	4	34	T
34	5	34	T
0 / 5 = 0.0

35	1	25	F
35	2	25	F
35	3	35	T
35	4	35	T
35	5	35	T
2 / 5 = 0.4

36	1	24	F
36	2	36	T
36	3	36	T
36	4	36	T
36	5	17	F
2 / 5 = 0.4

37	1	37	T
37	2	37	T
37	3	37	T
37	4	37	T
37	5	37	T
0 / 5 = 0.0

38	1	38	T
38	2	38	T
38	3	38	T
38	4	38	T
38	5	38	T
0 / 5 = 0.0

39	1	39	T
39	2	21	F
39	3	21	F
39	4	39	T
39	5	39	T
2 / 5 = 0.4

40	1	5	F
40	2	40	T
40	3	40	T
40	4	40	T
40	5	40	T
1 / 5 = 0.2

Total Error Rate:
34 / 200 = 0.17
################################################################################
################################################################################
The dimension of omega is set to 32.
The eigenimages of training set are as follows:
[[ 0.00490802 -0.01393875 -0.02027042 ...  0.005068    0.00642127
  -0.00072686]
 [ 0.00491162 -0.01410852 -0.02031525 ...  0.00532011  0.00713624
  -0.00141303]
 [ 0.00495213 -0.01406656 -0.0201937  ...  0.0040131   0.00569251
  -0.0012804 ]
 ...
 [ 0.00480756  0.01204753 -0.00972664 ... -0.00222986 -0.00876394
   0.00219034]
 [ 0.0056825   0.012235   -0.00939834 ...  0.00314628 -0.01021441
   0.00066615]
 [ 0.00634748  0.01070738 -0.0104496  ...  0.00354171 -0.01077332
  -0.00231838]]
(Its shape: 10304 * 32)
You can view them at file://./output/eigenimages/

1	1	1	T
1	2	1	T
1	3	1	T
1	4	1	T
1	5	1	T
0 / 5 = 0.0

2	1	2	T
2	2	2	T
2	3	2	T
2	4	2	T
2	5	2	T
0 / 5 = 0.0

3	1	3	T
3	2	3	T
3	3	3	T
3	4	3	T
3	5	3	T
0 / 5 = 0.0

4	1	4	T
4	2	4	T
4	3	4	T
4	4	4	T
4	5	4	T
0 / 5 = 0.0

5	1	5	T
5	2	5	T
5	3	5	T
5	4	5	T
5	5	40	F
1 / 5 = 0.2

6	1	6	T
6	2	6	T
6	3	6	T
6	4	6	T
6	5	6	T
0 / 5 = 0.0

7	1	7	T
7	2	7	T
7	3	7	T
7	4	7	T
7	5	7	T
0 / 5 = 0.0

8	1	8	T
8	2	8	T
8	3	8	T
8	4	8	T
8	5	8	T
0 / 5 = 0.0

9	1	9	T
9	2	38	F
9	3	9	T
9	4	9	T
9	5	9	T
1 / 5 = 0.2

10	1	10	T
10	2	10	T
10	3	10	T
10	4	10	T
10	5	38	F
1 / 5 = 0.2

11	1	11	T
11	2	11	T
11	3	15	F
11	4	11	T
11	5	11	T
1 / 5 = 0.2

12	1	12	T
12	2	12	T
12	3	12	T
12	4	12	T
12	5	12	T
0 / 5 = 0.0

13	1	13	T
13	2	13	T
13	3	13	T
13	4	13	T
13	5	13	T
0 / 5 = 0.0

14	1	37	F
14	2	14	T
14	3	14	T
14	4	22	F
14	5	14	T
2 / 5 = 0.4

15	1	15	T
15	2	15	T
15	3	15	T
15	4	15	T
15	5	15	T
0 / 5 = 0.0

16	1	16	T
16	2	16	T
16	3	16	T
16	4	16	T
16	5	16	T
0 / 5 = 0.0

17	1	36	F
17	2	36	F
17	3	36	F
17	4	36	F
17	5	36	F
5 / 5 = 1.0

18	1	18	T
18	2	18	T
18	3	18	T
18	4	18	T
18	5	18	T
0 / 5 = 0.0

19	1	19	T
19	2	19	T
19	3	19	T
19	4	15	F
19	5	19	T
1 / 5 = 0.2

20	1	20	T
20	2	20	T
20	3	38	F
20	4	20	T
20	5	20	T
1 / 5 = 0.2

21	1	21	T
21	2	21	T
21	3	21	T
21	4	21	T
21	5	21	T
0 / 5 = 0.0

22	1	22	T
22	2	22	T
22	3	22	T
22	4	22	T
22	5	22	T
0 / 5 = 0.0

23	1	23	T
23	2	23	T
23	3	23	T
23	4	38	F
23	5	23	T
1 / 5 = 0.2

24	1	24	T
24	2	24	T
24	3	24	T
24	4	24	T
24	5	24	T
0 / 5 = 0.0

25	1	25	T
25	2	25	T
25	3	25	T
25	4	25	T
25	5	25	T
0 / 5 = 0.0

26	1	26	T
26	2	26	T
26	3	26	T
26	4	26	T
26	5	26	T
0 / 5 = 0.0

27	1	17	F
27	2	17	F
27	3	17	F
27	4	27	T
27	5	27	T
3 / 5 = 0.6

28	1	28	T
28	2	28	T
28	3	37	F
28	4	28	T
28	5	28	T
1 / 5 = 0.2

29	1	29	T
29	2	29	T
29	3	29	T
29	4	29	T
29	5	29	T
0 / 5 = 0.0

30	1	30	T
30	2	30	T
30	3	30	T
30	4	30	T
30	5	30	T
0 / 5 = 0.0

31	1	31	T
31	2	31	T
31	3	31	T
31	4	31	T
31	5	31	T
0 / 5 = 0.0

32	1	32	T
32	2	2	F
32	3	32	T
32	4	32	T
32	5	32	T
1 / 5 = 0.2

33	1	33	T
33	2	33	T
33	3	33	T
33	4	33	T
33	5	33	T
0 / 5 = 0.0

34	1	34	T
34	2	34	T
34	3	34	T
34	4	34	T
34	5	34	T
0 / 5 = 0.0

35	1	35	T
35	2	25	F
35	3	35	T
35	4	35	T
35	5	35	T
1 / 5 = 0.2

36	1	24	F
36	2	36	T
36	3	36	T
36	4	36	T
36	5	17	F
2 / 5 = 0.4

37	1	37	T
37	2	37	T
37	3	37	T
37	4	37	T
37	5	37	T
0 / 5 = 0.0

38	1	38	T
38	2	38	T
38	3	38	T
38	4	38	T
38	5	38	T
0 / 5 = 0.0

39	1	39	T
39	2	39	T
39	3	39	T
39	4	39	T
39	5	39	T
0 / 5 = 0.0

40	1	5	F
40	2	40	T
40	3	40	T
40	4	40	T
40	5	40	T
1 / 5 = 0.2

Total Error Rate:
23 / 200 = 0.115
################################################################################
################################################################################
The dimension of omega is set to 64.
The eigenimages of training set are as follows:
[[ 0.00490802 -0.01393875 -0.02027042 ...  0.00120609  0.00456257
  -0.00380114]
 [ 0.00491162 -0.01410852 -0.02031525 ...  0.00200346  0.00540775
  -0.00249785]
 [ 0.00495213 -0.01406656 -0.0201937  ...  0.00063664  0.00532055
  -0.00098776]
 ...
 [ 0.00480756  0.01204753 -0.00972664 ... -0.00621377 -0.00336842
   0.00492368]
 [ 0.0056825   0.012235   -0.00939834 ... -0.01003417 -0.00627993
   0.00147106]
 [ 0.00634748  0.01070738 -0.0104496  ... -0.00397166 -0.01361932
  -0.00496296]]
(Its shape: 10304 * 64)
You can view them at file://./output/eigenimages/

1	1	1	T
1	2	1	T
1	3	1	T
1	4	1	T
1	5	1	T
0 / 5 = 0.0

2	1	2	T
2	2	2	T
2	3	2	T
2	4	2	T
2	5	2	T
0 / 5 = 0.0

3	1	3	T
3	2	3	T
3	3	3	T
3	4	3	T
3	5	3	T
0 / 5 = 0.0

4	1	4	T
4	2	4	T
4	3	4	T
4	4	4	T
4	5	4	T
0 / 5 = 0.0

5	1	5	T
5	2	5	T
5	3	5	T
5	4	5	T
5	5	40	F
1 / 5 = 0.2

6	1	6	T
6	2	6	T
6	3	6	T
6	4	6	T
6	5	6	T
0 / 5 = 0.0

7	1	7	T
7	2	7	T
7	3	7	T
7	4	7	T
7	5	7	T
0 / 5 = 0.0

8	1	8	T
8	2	8	T
8	3	8	T
8	4	8	T
8	5	8	T
0 / 5 = 0.0

9	1	9	T
9	2	38	F
9	3	9	T
9	4	9	T
9	5	9	T
1 / 5 = 0.2

10	1	10	T
10	2	10	T
10	3	10	T
10	4	10	T
10	5	38	F
1 / 5 = 0.2

11	1	11	T
11	2	11	T
11	3	15	F
11	4	11	T
11	5	11	T
1 / 5 = 0.2

12	1	12	T
12	2	12	T
12	3	12	T
12	4	12	T
12	5	12	T
0 / 5 = 0.0

13	1	13	T
13	2	13	T
13	3	13	T
13	4	13	T
13	5	13	T
0 / 5 = 0.0

14	1	14	T
14	2	14	T
14	3	14	T
14	4	22	F
14	5	14	T
1 / 5 = 0.2

15	1	15	T
15	2	15	T
15	3	15	T
15	4	15	T
15	5	15	T
0 / 5 = 0.0

16	1	16	T
16	2	16	T
16	3	16	T
16	4	16	T
16	5	16	T
0 / 5 = 0.0

17	1	36	F
17	2	24	F
17	3	36	F
17	4	36	F
17	5	36	F
5 / 5 = 1.0

18	1	18	T
18	2	18	T
18	3	18	T
18	4	18	T
18	5	18	T
0 / 5 = 0.0

19	1	19	T
19	2	19	T
19	3	19	T
19	4	15	F
19	5	19	T
1 / 5 = 0.2

20	1	20	T
20	2	20	T
20	3	38	F
20	4	20	T
20	5	20	T
1 / 5 = 0.2

21	1	21	T
21	2	21	T
21	3	21	T
21	4	21	T
21	5	21	T
0 / 5 = 0.0

22	1	22	T
22	2	22	T
22	3	22	T
22	4	22	T
22	5	22	T
0 / 5 = 0.0

23	1	23	T
23	2	23	T
23	3	23	T
23	4	38	F
23	5	23	T
1 / 5 = 0.2

24	1	24	T
24	2	24	T
24	3	24	T
24	4	24	T
24	5	24	T
0 / 5 = 0.0

25	1	25	T
25	2	25	T
25	3	25	T
25	4	25	T
25	5	25	T
0 / 5 = 0.0

26	1	26	T
26	2	26	T
26	3	26	T
26	4	26	T
26	5	26	T
0 / 5 = 0.0

27	1	17	F
27	2	4	F
27	3	17	F
27	4	27	T
27	5	27	T
3 / 5 = 0.6

28	1	28	T
28	2	28	T
28	3	37	F
28	4	28	T
28	5	28	T
1 / 5 = 0.2

29	1	29	T
29	2	29	T
29	3	29	T
29	4	29	T
29	5	29	T
0 / 5 = 0.0

30	1	30	T
30	2	30	T
30	3	30	T
30	4	30	T
30	5	30	T
0 / 5 = 0.0

31	1	31	T
31	2	31	T
31	3	31	T
31	4	31	T
31	5	31	T
0 / 5 = 0.0

32	1	32	T
32	2	2	F
32	3	32	T
32	4	32	T
32	5	32	T
1 / 5 = 0.2

33	1	33	T
33	2	33	T
33	3	33	T
33	4	33	T
33	5	33	T
0 / 5 = 0.0

34	1	34	T
34	2	34	T
34	3	34	T
34	4	34	T
34	5	34	T
0 / 5 = 0.0

35	1	35	T
35	2	25	F
35	3	35	T
35	4	35	T
35	5	35	T
1 / 5 = 0.2

36	1	24	F
36	2	36	T
36	3	36	T
36	4	36	T
36	5	17	F
2 / 5 = 0.4

37	1	37	T
37	2	37	T
37	3	37	T
37	4	37	T
37	5	37	T
0 / 5 = 0.0

38	1	38	T
38	2	38	T
38	3	38	T
38	4	38	T
38	5	38	T
0 / 5 = 0.0

39	1	39	T
39	2	39	T
39	3	39	T
39	4	39	T
39	5	29	F
1 / 5 = 0.2

40	1	5	F
40	2	40	T
40	3	40	T
40	4	40	T
40	5	40	T
1 / 5 = 0.2

Total Error Rate:
23 / 200 = 0.115
################################################################################
################################################################################
The dimension of omega is set to 128.
The eigenimages of training set are as follows:
[[ 4.90801995e-03 -1.39387518e-02 -2.02704176e-02 ...  4.60896546e-03
  -2.97726563e-03  1.55080409e-05]
 [ 4.91161599e-03 -1.41085225e-02 -2.03152470e-02 ...  4.35986094e-03
   8.20717871e-04  6.24019099e-04]
 [ 4.95213072e-03 -1.40665568e-02 -2.01936996e-02 ...  3.69378796e-03
   2.39501316e-03  1.26896009e-03]
 ...
 [ 4.80756376e-03  1.20475266e-02 -9.72663678e-03 ... -1.06105112e-02
   3.63103992e-03  4.94120287e-03]
 [ 5.68249992e-03  1.22350034e-02 -9.39834342e-03 ... -6.14610329e-03
   3.91200002e-03 -3.05695192e-04]
 [ 6.34747584e-03  1.07073784e-02 -1.04495953e-02 ... -1.41355549e-02
  -2.34322950e-03 -3.62524557e-03]]
(Its shape: 10304 * 128)
You can view them at file://./output/eigenimages/

1	1	1	T
1	2	1	T
1	3	1	T
1	4	1	T
1	5	1	T
0 / 5 = 0.0

2	1	2	T
2	2	2	T
2	3	2	T
2	4	2	T
2	5	2	T
0 / 5 = 0.0

3	1	3	T
3	2	3	T
3	3	3	T
3	4	3	T
3	5	3	T
0 / 5 = 0.0

4	1	4	T
4	2	4	T
4	3	4	T
4	4	4	T
4	5	4	T
0 / 5 = 0.0

5	1	5	T
5	2	5	T
5	3	5	T
5	4	5	T
5	5	40	F
1 / 5 = 0.2

6	1	6	T
6	2	6	T
6	3	6	T
6	4	6	T
6	5	6	T
0 / 5 = 0.0

7	1	7	T
7	2	7	T
7	3	7	T
7	4	7	T
7	5	7	T
0 / 5 = 0.0

8	1	8	T
8	2	8	T
8	3	8	T
8	4	8	T
8	5	8	T
0 / 5 = 0.0

9	1	9	T
9	2	9	T
9	3	9	T
9	4	9	T
9	5	9	T
0 / 5 = 0.0

10	1	10	T
10	2	10	T
10	3	10	T
10	4	10	T
10	5	38	F
1 / 5 = 0.2

11	1	11	T
11	2	11	T
11	3	15	F
11	4	11	T
11	5	11	T
1 / 5 = 0.2

12	1	12	T
12	2	12	T
12	3	12	T
12	4	12	T
12	5	12	T
0 / 5 = 0.0

13	1	13	T
13	2	13	T
13	3	13	T
13	4	13	T
13	5	13	T
0 / 5 = 0.0

14	1	14	T
14	2	14	T
14	3	14	T
14	4	22	F
14	5	14	T
1 / 5 = 0.2

15	1	15	T
15	2	15	T
15	3	15	T
15	4	15	T
15	5	15	T
0 / 5 = 0.0

16	1	16	T
16	2	16	T
16	3	1	F
16	4	16	T
16	5	16	T
1 / 5 = 0.2

17	1	36	F
17	2	24	F
17	3	17	T
17	4	17	T
17	5	36	F
3 / 5 = 0.6

18	1	18	T
18	2	18	T
18	3	18	T
18	4	18	T
18	5	18	T
0 / 5 = 0.0

19	1	19	T
19	2	19	T
19	3	19	T
19	4	15	F
19	5	19	T
1 / 5 = 0.2

20	1	20	T
20	2	20	T
20	3	38	F
20	4	20	T
20	5	20	T
1 / 5 = 0.2

21	1	21	T
21	2	21	T
21	3	21	T
21	4	21	T
21	5	21	T
0 / 5 = 0.0

22	1	22	T
22	2	22	T
22	3	22	T
22	4	22	T
22	5	22	T
0 / 5 = 0.0

23	1	23	T
23	2	23	T
23	3	23	T
23	4	38	F
23	5	23	T
1 / 5 = 0.2

24	1	24	T
24	2	24	T
24	3	24	T
24	4	24	T
24	5	24	T
0 / 5 = 0.0

25	1	25	T
25	2	25	T
25	3	25	T
25	4	25	T
25	5	25	T
0 / 5 = 0.0

26	1	26	T
26	2	26	T
26	3	26	T
26	4	26	T
26	5	26	T
0 / 5 = 0.0

27	1	17	F
27	2	17	F
27	3	17	F
27	4	27	T
27	5	27	T
3 / 5 = 0.6

28	1	28	T
28	2	28	T
28	3	37	F
28	4	28	T
28	5	28	T
1 / 5 = 0.2

29	1	29	T
29	2	29	T
29	3	29	T
29	4	29	T
29	5	29	T
0 / 5 = 0.0

30	1	30	T
30	2	30	T
30	3	30	T
30	4	30	T
30	5	30	T
0 / 5 = 0.0

31	1	31	T
31	2	30	F
31	3	31	T
31	4	31	T
31	5	31	T
1 / 5 = 0.2

32	1	32	T
32	2	2	F
32	3	32	T
32	4	32	T
32	5	32	T
1 / 5 = 0.2

33	1	33	T
33	2	33	T
33	3	33	T
33	4	33	T
33	5	33	T
0 / 5 = 0.0

34	1	34	T
34	2	34	T
34	3	34	T
34	4	34	T
34	5	34	T
0 / 5 = 0.0

35	1	35	T
35	2	25	F
35	3	35	T
35	4	35	T
35	5	35	T
1 / 5 = 0.2

36	1	24	F
36	2	36	T
36	3	36	T
36	4	36	T
36	5	17	F
2 / 5 = 0.4

37	1	37	T
37	2	37	T
37	3	37	T
37	4	37	T
37	5	37	T
0 / 5 = 0.0

38	1	38	T
38	2	38	T
38	3	38	T
38	4	38	T
38	5	38	T
0 / 5 = 0.0

39	1	39	T
39	2	39	T
39	3	39	T
39	4	39	T
39	5	29	F
1 / 5 = 0.2

40	1	5	F
40	2	40	T
40	3	40	T
40	4	40	T
40	5	5	F
2 / 5 = 0.4

Total Error Rate:
23 / 200 = 0.115
################################################################################
################################################################################
The dimension of omega is set to 199.
The eigenimages of training set are as follows:
[[ 0.00490802 -0.01393875 -0.02027042 ...  0.00015406  0.00508156
   0.0006549 ]
 [ 0.00491162 -0.01410852 -0.02031525 ...  0.00241458 -0.00292366
  -0.00150335]
 [ 0.00495213 -0.01406656 -0.0201937  ...  0.00111042  0.00597567
   0.00681123]
 ...
 [ 0.00480756  0.01204753 -0.00972664 ... -0.00915001 -0.00493697
   0.00449012]
 [ 0.0056825   0.012235   -0.00939834 ...  0.00051143 -0.0095506
   0.00195104]
 [ 0.00634748  0.01070738 -0.0104496  ... -0.00571691 -0.00146822
  -0.00685861]]
(Its shape: 10304 * 199)
You can view them at file://./output/eigenimages/

1	1	1	T
1	2	1	T
1	3	1	T
1	4	1	T
1	5	1	T
0 / 5 = 0.0

2	1	2	T
2	2	2	T
2	3	2	T
2	4	2	T
2	5	2	T
0 / 5 = 0.0

3	1	3	T
3	2	3	T
3	3	3	T
3	4	3	T
3	5	3	T
0 / 5 = 0.0

4	1	4	T
4	2	4	T
4	3	4	T
4	4	4	T
4	5	4	T
0 / 5 = 0.0

5	1	5	T
5	2	5	T
5	3	5	T
5	4	5	T
5	5	40	F
1 / 5 = 0.2

6	1	6	T
6	2	6	T
6	3	6	T
6	4	6	T
6	5	6	T
0 / 5 = 0.0

7	1	7	T
7	2	7	T
7	3	7	T
7	4	7	T
7	5	7	T
0 / 5 = 0.0

8	1	8	T
8	2	8	T
8	3	8	T
8	4	8	T
8	5	8	T
0 / 5 = 0.0

9	1	9	T
9	2	9	T
9	3	9	T
9	4	9	T
9	5	9	T
0 / 5 = 0.0

10	1	10	T
10	2	10	T
10	3	10	T
10	4	10	T
10	5	38	F
1 / 5 = 0.2

11	1	11	T
11	2	11	T
11	3	15	F
11	4	11	T
11	5	11	T
1 / 5 = 0.2

12	1	12	T
12	2	12	T
12	3	12	T
12	4	12	T
12	5	12	T
0 / 5 = 0.0

13	1	13	T
13	2	13	T
13	3	13	T
13	4	13	T
13	5	13	T
0 / 5 = 0.0

14	1	14	T
14	2	14	T
14	3	14	T
14	4	22	F
14	5	14	T
1 / 5 = 0.2

15	1	15	T
15	2	15	T
15	3	15	T
15	4	15	T
15	5	15	T
0 / 5 = 0.0

16	1	16	T
16	2	16	T
16	3	1	F
16	4	16	T
16	5	16	T
1 / 5 = 0.2

17	1	36	F
17	2	24	F
17	3	17	T
17	4	17	T
17	5	36	F
3 / 5 = 0.6

18	1	18	T
18	2	18	T
18	3	18	T
18	4	18	T
18	5	18	T
0 / 5 = 0.0

19	1	19	T
19	2	19	T
19	3	19	T
19	4	15	F
19	5	19	T
1 / 5 = 0.2

20	1	20	T
20	2	20	T
20	3	38	F
20	4	20	T
20	5	20	T
1 / 5 = 0.2

21	1	21	T
21	2	21	T
21	3	21	T
21	4	21	T
21	5	21	T
0 / 5 = 0.0

22	1	22	T
22	2	22	T
22	3	22	T
22	4	22	T
22	5	22	T
0 / 5 = 0.0

23	1	23	T
23	2	23	T
23	3	23	T
23	4	23	T
23	5	23	T
0 / 5 = 0.0

24	1	24	T
24	2	24	T
24	3	24	T
24	4	24	T
24	5	24	T
0 / 5 = 0.0

25	1	25	T
25	2	25	T
25	3	25	T
25	4	25	T
25	5	25	T
0 / 5 = 0.0

26	1	26	T
26	2	26	T
26	3	26	T
26	4	26	T
26	5	26	T
0 / 5 = 0.0

27	1	17	F
27	2	17	F
27	3	17	F
27	4	27	T
27	5	27	T
3 / 5 = 0.6

28	1	28	T
28	2	28	T
28	3	37	F
28	4	28	T
28	5	28	T
1 / 5 = 0.2

29	1	29	T
29	2	29	T
29	3	29	T
29	4	29	T
29	5	29	T
0 / 5 = 0.0

30	1	30	T
30	2	30	T
30	3	30	T
30	4	30	T
30	5	30	T
0 / 5 = 0.0

31	1	31	T
31	2	31	T
31	3	31	T
31	4	31	T
31	5	31	T
0 / 5 = 0.0

32	1	32	T
32	2	2	F
32	3	32	T
32	4	32	T
32	5	32	T
1 / 5 = 0.2

33	1	33	T
33	2	33	T
33	3	33	T
33	4	33	T
33	5	33	T
0 / 5 = 0.0

34	1	34	T
34	2	34	T
34	3	34	T
34	4	34	T
34	5	34	T
0 / 5 = 0.0

35	1	35	T
35	2	35	T
35	3	35	T
35	4	35	T
35	5	35	T
0 / 5 = 0.0

36	1	24	F
36	2	36	T
36	3	36	T
36	4	36	T
36	5	17	F
2 / 5 = 0.4

37	1	37	T
37	2	37	T
37	3	37	T
37	4	37	T
37	5	37	T
0 / 5 = 0.0

38	1	38	T
38	2	38	T
38	3	38	T
38	4	38	T
38	5	38	T
0 / 5 = 0.0

39	1	39	T
39	2	39	T
39	3	39	T
39	4	39	T
39	5	29	F
1 / 5 = 0.2

40	1	5	F
40	2	40	T
40	3	40	T
40	4	40	T
40	5	5	F
2 / 5 = 0.4

Total Error Rate:
20 / 200 = 0.1
################################################################################
